build/app/intermediates/manifest_merge_blame_file/release/manifest-merger-blame-release-report.txt
1<?xml version="1.0" encoding="utf-8"?>
2<manifest xmlns:android="http://schemas.android.com/apk/res/android"
3    package="net.citica.smart_wallet"
4    android:versionCode="1"
5    android:versionName="1.0.0" >
6
7    <uses-sdk
8        android:minSdkVersion="16"
8-->src\main\AndroidManifest.xml
9        android:targetSdkVersion="28" />
9-->src\main\AndroidManifest.xml
10    <!--
11         io.flutter.app.FlutterApplication is an android.app.Application that
12         calls FlutterMain.startInitialization(this); in its onCreate method.
13         In most cases you can leave this as-is, but you if you want to provide
14         additional functionality it is fine to subclass or reimplement
15         FlutterApplication and put your custom class here.
16    -->
17
18    <uses-permission android:name="android.permission.USE_FINGERPRINT" />
18-->src\main\AndroidManifest.xml:11:5-73
18-->src\main\AndroidManifest.xml:11:22-71
19    <uses-permission android:name="android.permission.INTERNET" />
19-->src\main\AndroidManifest.xml:12:5-66
19-->src\main\AndroidManifest.xml:12:22-64
20    <uses-permission android:name="android.permission.CAMERA" />
20-->src\main\AndroidManifest.xml:13:5-65
20-->src\main\AndroidManifest.xml:13:22-62
21    <uses-permission android:name="android.permission.READ_PHONE_STATE" />
21-->src\main\AndroidManifest.xml:14:5-74
21-->src\main\AndroidManifest.xml:14:22-72
22    <uses-permission android:name="android.permission.WRITE_EXTERNAL_STORAGE" />
22-->src\main\AndroidManifest.xml:15:5-80
22-->src\main\AndroidManifest.xml:15:22-78
23    <uses-permission android:name="android.permission.READ_EXTERNAL_STORAGE" />
23-->src\main\AndroidManifest.xml:16:5-79
23-->src\main\AndroidManifest.xml:16:22-77
24    <uses-permission android:name="android.permission.VIBRATE" />
24-->[:qrscan] AndroidManifest.xml:8:5-66
24-->[:qrscan] AndroidManifest.xml:8:22-63
25    <uses-permission android:name="android.permission.FLASHLIGHT" />
25-->[:qrscan] AndroidManifest.xml:9:5-69
25-->[:qrscan] AndroidManifest.xml:9:22-66
26
27    <uses-feature android:name="android.hardware.camera" />
27-->[:qrscan] AndroidManifest.xml:11:5-60
27-->[:qrscan] AndroidManifest.xml:11:19-57
28    <uses-feature android:name="android.hardware.camera.autofocus" />
28-->[:qrscan] AndroidManifest.xml:12:5-70
28-->[:qrscan] AndroidManifest.xml:12:19-67
29
30    <uses-permission android:name="android.permission.WAKE_LOCK" />
30-->[:qrscan] AndroidManifest.xml:14:5-68
30-->[:qrscan] AndroidManifest.xml:14:22-65
31
32    <application
32-->src\main\AndroidManifest.xml:17:5-39:19
33        android:name="io.flutter.app.FlutterApplication"
33-->src\main\AndroidManifest.xml:18:9-57
34        android:allowBackup="true"
34-->[:qrscan] AndroidManifest.xml:20:9-35
35        android:appComponentFactory="androidx.core.app.CoreComponentFactory"
35-->[androidx.core:core:1.1.0] AndroidManifest.xml:24:18-86
36        android:configChanges="orientation|keyboardHidden"
36-->[:qrscan] AndroidManifest.xml:21:9-59
37        android:icon="@mipmap/iconos"
37-->src\main\AndroidManifest.xml:20:9-38
38        android:label="smart_wallet"
38-->src\main\AndroidManifest.xml:19:9-37
39        android:screenOrientation="portrait"
39-->[:qrscan] AndroidManifest.xml:23:9-45
40        android:supportsRtl="true"
40-->[:qrscan] AndroidManifest.xml:24:9-35
41        android:theme="@style/Theme.AppCompat.NoActionBar"
41-->[:qrscan] AndroidManifest.xml:25:9-59
42        android:windowSoftInputMode="stateAlwaysHidden" >
42-->[:qrscan] AndroidManifest.xml:26:9-56
43        <activity
43-->src\main\AndroidManifest.xml:22:9-33:20
44            android:name="net.citica.smart_wallet.MainActivity"
44-->src\main\AndroidManifest.xml:23:13-41
45            android:configChanges="orientation|keyboardHidden|keyboard|screenSize|smallestScreenSize|locale|layoutDirection|fontScale|screenLayout|density|uiMode"
45-->src\main\AndroidManifest.xml:26:13-163
46            android:hardwareAccelerated="true"
46-->src\main\AndroidManifest.xml:27:13-47
47            android:launchMode="singleTop"
47-->src\main\AndroidManifest.xml:24:13-43
48            android:theme="@style/LaunchTheme"
48-->src\main\AndroidManifest.xml:25:13-47
49            android:windowSoftInputMode="adjustResize" >
49-->src\main\AndroidManifest.xml:28:13-55
50            <intent-filter>
50-->src\main\AndroidManifest.xml:29:13-32:29
51                <action android:name="android.intent.action.MAIN" />
51-->src\main\AndroidManifest.xml:30:17-68
51-->src\main\AndroidManifest.xml:30:25-66
52
53                <category android:name="android.intent.category.LAUNCHER" />
53-->src\main\AndroidManifest.xml:31:17-76
53-->src\main\AndroidManifest.xml:31:27-74
54            </intent-filter>
55        </activity>
56        <!--
57             Don't delete the meta-data below.
58             This is used by the Flutter tool to generate GeneratedPluginRegistrant.java
59        -->
60        <meta-data
60-->src\main\AndroidManifest.xml:36:9-38:33
61            android:name="flutterEmbedding"
61-->src\main\AndroidManifest.xml:37:13-44
62            android:value="2" />
62-->src\main\AndroidManifest.xml:38:13-30
63
64        <activity android:name="com.shinow.qrscan.SecondActivity" />
64-->[:qrscan] AndroidManifest.xml:27:9-69
64-->[:qrscan] AndroidManifest.xml:27:19-66
65        <activity
65-->[com.github.leyan95:android-zxingLibrary:0.1.2-PRE] AndroidManifest.xml:14:9-19:63
66            android:name="com.uuzuche.lib_zxing.activity.CaptureActivity"
66-->[com.github.leyan95:android-zxingLibrary:0.1.2-PRE] AndroidManifest.xml:15:13-74
67            android:configChanges="orientation|keyboardHidden"
67-->[com.github.leyan95:android-zxingLibrary:0.1.2-PRE] AndroidManifest.xml:16:13-63
68            android:screenOrientation="portrait"
68-->[com.github.leyan95:android-zxingLibrary:0.1.2-PRE] AndroidManifest.xml:17:13-49
69            android:theme="@style/Theme.AppCompat.NoActionBar"
69-->[com.github.leyan95:android-zxingLibrary:0.1.2-PRE] AndroidManifest.xml:18:13-63
70            android:windowSoftInputMode="stateAlwaysHidden" />
70-->[com.github.leyan95:android-zxingLibrary:0.1.2-PRE] AndroidManifest.xml:19:13-60
71
72        <service
72-->[:firebase_auth] AndroidManifest.xml:8:9-12:19
73            android:name="com.google.firebase.components.ComponentDiscoveryService"
73-->[:firebase_auth] AndroidManifest.xml:8:18-89
74            android:directBootAware="true"
74-->[com.google.firebase:firebase-common:19.3.0] AndroidManifest.xml:34:13-43
75            android:exported="false" >
75-->[com.google.firebase:firebase-auth:19.2.0] AndroidManifest.xml:35:13-37
76            <meta-data
76-->[:firebase_auth] AndroidManifest.xml:9:13-11:85
77                android:name="com.google.firebase.components:io.flutter.plugins.firebaseauth.FlutterFirebaseAppRegistrar"
77-->[:firebase_auth] AndroidManifest.xml:10:17-122
78                android:value="com.google.firebase.components.ComponentRegistrar" />
78-->[:firebase_auth] AndroidManifest.xml:11:17-82
79            <meta-data
79-->[:firebase_core] AndroidManifest.xml:9:13-11:85
80                android:name="com.google.firebase.components:io.flutter.plugins.firebase.core.FlutterFirebaseAppRegistrar"
80-->[:firebase_core] AndroidManifest.xml:10:17-123
81                android:value="com.google.firebase.components.ComponentRegistrar" />
81-->[:firebase_core] AndroidManifest.xml:11:17-82
82            <meta-data
82-->[com.google.firebase:firebase-auth:19.2.0] AndroidManifest.xml:36:13-38:85
83                android:name="com.google.firebase.components:com.google.firebase.auth.FirebaseAuthRegistrar"
83-->[com.google.firebase:firebase-auth:19.2.0] AndroidManifest.xml:37:17-109
84                android:value="com.google.firebase.components.ComponentRegistrar" />
84-->[com.google.firebase:firebase-auth:19.2.0] AndroidManifest.xml:38:17-82
85        </service>
86
87        <activity
87-->[com.google.firebase:firebase-auth:19.2.0] AndroidManifest.xml:24:9-31:50
88            android:name="com.google.firebase.auth.internal.FederatedSignInActivity"
88-->[com.google.firebase:firebase-auth:19.2.0] AndroidManifest.xml:25:13-85
89            android:excludeFromRecents="true"
89-->[com.google.firebase:firebase-auth:19.2.0] AndroidManifest.xml:26:13-46
90            android:exported="true"
90-->[com.google.firebase:firebase-auth:19.2.0] AndroidManifest.xml:27:13-36
91            android:launchMode="singleTask"
91-->[com.google.firebase:firebase-auth:19.2.0] AndroidManifest.xml:28:13-44
92            android:permission="com.google.firebase.auth.api.gms.permission.LAUNCH_FEDERATED_SIGN_IN"
92-->[com.google.firebase:firebase-auth:19.2.0] AndroidManifest.xml:29:13-102
93            android:theme="@android:style/Theme.Translucent.NoTitleBar" />
93-->[com.google.firebase:firebase-auth:19.2.0] AndroidManifest.xml:30:13-72
94        <activity
94-->[com.google.android.gms:play-services-base:17.1.0] AndroidManifest.xml:23:9-26:75
95            android:name="com.google.android.gms.common.api.GoogleApiActivity"
95-->[com.google.android.gms:play-services-base:17.1.0] AndroidManifest.xml:24:13-79
96            android:exported="false"
96-->[com.google.android.gms:play-services-base:17.1.0] AndroidManifest.xml:25:13-37
97            android:theme="@android:style/Theme.Translucent.NoTitleBar" />
97-->[com.google.android.gms:play-services-base:17.1.0] AndroidManifest.xml:26:13-72
98
99        <provider
99-->[com.google.firebase:firebase-common:19.3.0] AndroidManifest.xml:26:9-30:39
100            android:name="com.google.firebase.provider.FirebaseInitProvider"
100-->[com.google.firebase:firebase-common:19.3.0] AndroidManifest.xml:27:13-77
101            android:authorities="net.citica.smart_wallet.firebaseinitprovider"
101-->[com.google.firebase:firebase-common:19.3.0] AndroidManifest.xml:28:13-72
102            android:exported="false"
102-->[com.google.firebase:firebase-common:19.3.0] AndroidManifest.xml:29:13-37
103            android:initOrder="100" />
103-->[com.google.firebase:firebase-common:19.3.0] AndroidManifest.xml:30:13-36
104
105        <meta-data
105-->[com.google.android.gms:play-services-basement:17.0.0] AndroidManifest.xml:23:9-25:69
106            android:name="com.google.android.gms.version"
106-->[com.google.android.gms:play-services-basement:17.0.0] AndroidManifest.xml:24:13-58
107            android:value="@integer/google_play_services_version" />
107-->[com.google.android.gms:play-services-basement:17.0.0] AndroidManifest.xml:25:13-66
108
109        <provider
109-->[com.squareup.picasso:picasso:2.71828] AndroidManifest.xml:8:9-11:40
110            android:name="com.squareup.picasso.PicassoProvider"
110-->[com.squareup.picasso:picasso:2.71828] AndroidManifest.xml:9:13-64
111            android:authorities="net.citica.smart_wallet.com.squareup.picasso"
111-->[com.squareup.picasso:picasso:2.71828] AndroidManifest.xml:10:13-72
112            android:exported="false" />
112-->[com.squareup.picasso:picasso:2.71828] AndroidManifest.xml:11:13-37
113    </application>
114
115</manifest>